<?xml version="1.0" encoding="UTF-8"?>
<coverage generated="1770777217416" clover="3.2.0">
  <project timestamp="1770777217417" name="All files">
    <metrics statements="58" coveredstatements="43" conditionals="62" coveredconditionals="44" methods="25" coveredmethods="15" elements="145" coveredelements="102" complexity="0" loc="58" ncloc="58" packages="1" files="1" classes="1"/>
    <file name="Layout.tsx" path="C:\Users\Fakhrul\Documents\trae_projects\ERPLaborasi\src\components\Layout.tsx">
      <metrics statements="58" coveredstatements="43" conditionals="62" coveredconditionals="44" methods="25" coveredmethods="15"/>
      <line num="30" count="1" type="stmt"/>
      <line num="80" count="12" type="stmt"/>
      <line num="81" count="12" type="stmt"/>
      <line num="82" count="12" type="stmt"/>
      <line num="83" count="12" type="stmt"/>
      <line num="84" count="12" type="stmt"/>
      <line num="87" count="12" type="stmt"/>
      <line num="88" count="5" type="stmt"/>
      <line num="89" count="5" type="cond" truecount="1" falsecount="1"/>
      <line num="91" count="5" type="cond" truecount="1" falsecount="1"/>
      <line num="92" count="0" type="stmt"/>
      <line num="93" count="5" type="cond" truecount="1" falsecount="1"/>
      <line num="94" count="0" type="stmt"/>
      <line num="98" count="5" type="stmt"/>
      <line num="99" count="55" type="stmt"/>
      <line num="101" count="5" type="cond" truecount="1" falsecount="1"/>
      <line num="102" count="0" type="stmt"/>
      <line num="106" count="0" type="stmt"/>
      <line num="110" count="12" type="stmt"/>
      <line num="111" count="3" type="stmt"/>
      <line num="112" count="3" type="stmt"/>
      <line num="113" count="3" type="cond" truecount="1" falsecount="1"/>
      <line num="114" count="0" type="stmt"/>
      <line num="118" count="0" type="stmt"/>
      <line num="122" count="12" type="stmt"/>
      <line num="123" count="0" type="stmt"/>
      <line num="124" count="0" type="stmt"/>
      <line num="126" count="0" type="stmt"/>
      <line num="128" count="0" type="stmt"/>
      <line num="132" count="12" type="stmt"/>
      <line num="133" count="132" type="cond" truecount="1" falsecount="1"/>
      <line num="135" count="132" type="cond" truecount="1" falsecount="1"/>
      <line num="137" count="132" type="cond" truecount="1" falsecount="1"/>
      <line num="138" count="132" type="stmt"/>
      <line num="141" count="12" type="stmt"/>
      <line num="149" count="0" type="stmt"/>
      <line num="160" count="0" type="stmt"/>
      <line num="174" count="132" type="cond" truecount="2" falsecount="0"/>
      <line num="175" count="24" type="stmt"/>
      <line num="176" count="120" type="stmt"/>
      <line num="178" count="24" type="stmt"/>
      <line num="182" count="3" type="stmt"/>
      <line num="208" count="120" type="stmt"/>
      <line num="209" count="120" type="stmt"/>
      <line num="219" count="0" type="stmt"/>
      <line num="234" count="108" type="stmt"/>
      <line num="235" count="108" type="stmt"/>
      <line num="244" count="0" type="stmt"/>
      <line num="288" count="132" type="cond" truecount="2" falsecount="0"/>
      <line num="289" count="24" type="stmt"/>
      <line num="290" count="120" type="stmt"/>
      <line num="292" count="24" type="stmt"/>
      <line num="295" count="0" type="stmt"/>
      <line num="321" count="120" type="stmt"/>
      <line num="322" count="120" type="stmt"/>
      <line num="345" count="108" type="stmt"/>
      <line num="346" count="108" type="stmt"/>
      <line num="398" count="4" type="stmt"/>
    </file>
  </project>
</coverage>
