{"C:\\Users\\Fakhrul\\Documents\\trae_projects\\ERPLaborasi\\src\\components\\Layout.tsx": {"path":"C:\\Users\\Fakhrul\\Documents\\trae_projects\\ERPLaborasi\\src\\components\\Layout.tsx","statementMap":{"0":{"start":{"line":30,"column":19},"end":{"line":69,"column":null}},"1":{"start":{"line":80,"column":36},"end":{"line":80,"column":null}},"2":{"start":{"line":81,"column":46},"end":{"line":81,"column":null}},"3":{"start":{"line":82,"column":8},"end":{"line":82,"column":null}},"4":{"start":{"line":83,"column":8},"end":{"line":83,"column":null}},"5":{"start":{"line":84,"column":42},"end":{"line":84,"column":null}},"6":{"start":{"line":87,"column":2},"end":{"line":108,"column":null}},"7":{"start":{"line":88,"column":4},"end":{"line":107,"column":null}},"8":{"start":{"line":89,"column":6},"end":{"line":104,"column":null}},"9":{"start":{"line":91,"column":8},"end":{"line":95,"column":null}},"10":{"start":{"line":92,"column":10},"end":{"line":92,"column":null}},"11":{"start":{"line":92,"column":40},"end":{"line":92,"column":86}},"12":{"start":{"line":93,"column":8},"end":{"line":95,"column":null}},"13":{"start":{"line":94,"column":11},"end":{"line":94,"column":null}},"14":{"start":{"line":94,"column":41},"end":{"line":94,"column":85}},"15":{"start":{"line":98,"column":30},"end":{"line":100,"column":null}},"16":{"start":{"line":99,"column":10},"end":{"line":99,"column":null}},"17":{"start":{"line":99,"column":39},"end":{"line":99,"column":79}},"18":{"start":{"line":101,"column":8},"end":{"line":103,"column":null}},"19":{"start":{"line":102,"column":10},"end":{"line":102,"column":null}},"20":{"start":{"line":102,"column":38},"end":{"line":102,"column":88}},"21":{"start":{"line":106,"column":6},"end":{"line":106,"column":null}},"22":{"start":{"line":110,"column":24},"end":{"line":120,"column":null}},"23":{"start":{"line":111,"column":4},"end":{"line":119,"column":null}},"24":{"start":{"line":112,"column":6},"end":{"line":116,"column":null}},"25":{"start":{"line":113,"column":8},"end":{"line":115,"column":null}},"26":{"start":{"line":114,"column":32},"end":{"line":114,"column":52}},"27":{"start":{"line":118,"column":6},"end":{"line":118,"column":null}},"28":{"start":{"line":122,"column":24},"end":{"line":130,"column":null}},"29":{"start":{"line":123,"column":4},"end":{"line":129,"column":null}},"30":{"start":{"line":124,"column":6},"end":{"line":124,"column":null}},"31":{"start":{"line":126,"column":6},"end":{"line":126,"column":null}},"32":{"start":{"line":128,"column":6},"end":{"line":128,"column":null}},"33":{"start":{"line":132,"column":29},"end":{"line":139,"column":null}},"34":{"start":{"line":133,"column":5},"end":{"line":133,"column":null}},"35":{"start":{"line":133,"column":18},"end":{"line":133,"column":null}},"36":{"start":{"line":135,"column":5},"end":{"line":135,"column":null}},"37":{"start":{"line":135,"column":54},"end":{"line":135,"column":null}},"38":{"start":{"line":137,"column":5},"end":{"line":137,"column":null}},"39":{"start":{"line":137,"column":19},"end":{"line":137,"column":null}},"40":{"start":{"line":138,"column":5},"end":{"line":138,"column":null}},"41":{"start":{"line":141,"column":2},"end":{"line":412,"column":null}},"42":{"start":{"line":149,"column":25},"end":{"line":149,"column":null}},"43":{"start":{"line":160,"column":29},"end":{"line":160,"column":null}},"44":{"start":{"line":174,"column":16},"end":{"line":232,"column":null}},"45":{"start":{"line":175,"column":37},"end":{"line":175,"column":null}},"46":{"start":{"line":176,"column":41},"end":{"line":176,"column":null}},"47":{"start":{"line":176,"column":69},"end":{"line":176,"column":109}},"48":{"start":{"line":178,"column":18},"end":{"line":230,"column":null}},"49":{"start":{"line":182,"column":39},"end":{"line":182,"column":null}},"50":{"start":{"line":208,"column":50},"end":{"line":208,"column":null}},"51":{"start":{"line":209,"column":28},"end":{"line":225,"column":null}},"52":{"start":{"line":219,"column":47},"end":{"line":219,"column":null}},"53":{"start":{"line":234,"column":33},"end":{"line":234,"column":null}},"54":{"start":{"line":235,"column":16},"end":{"line":252,"column":null}},"55":{"start":{"line":244,"column":35},"end":{"line":244,"column":null}},"56":{"start":{"line":288,"column":16},"end":{"line":343,"column":null}},"57":{"start":{"line":289,"column":37},"end":{"line":289,"column":null}},"58":{"start":{"line":290,"column":41},"end":{"line":290,"column":null}},"59":{"start":{"line":290,"column":69},"end":{"line":290,"column":109}},"60":{"start":{"line":292,"column":18},"end":{"line":341,"column":null}},"61":{"start":{"line":295,"column":39},"end":{"line":295,"column":null}},"62":{"start":{"line":321,"column":50},"end":{"line":321,"column":null}},"63":{"start":{"line":322,"column":28},"end":{"line":336,"column":null}},"64":{"start":{"line":345,"column":33},"end":{"line":345,"column":null}},"65":{"start":{"line":346,"column":16},"end":{"line":362,"column":null}},"66":{"start":{"line":398,"column":27},"end":{"line":398,"column":null}}},"fnMap":{"0":{"name":"Layout","decl":{"start":{"line":79,"column":24},"end":{"line":79,"column":33}},"loc":{"start":{"line":79,"column":33},"end":{"line":414,"column":null}},"line":79},"1":{"name":"(anonymous_1)","decl":{"start":{"line":87,"column":12},"end":{"line":87,"column":18}},"loc":{"start":{"line":87,"column":18},"end":{"line":108,"column":5}},"line":87},"2":{"name":"(anonymous_2)","decl":{"start":{"line":92,"column":30},"end":{"line":92,"column":31}},"loc":{"start":{"line":92,"column":40},"end":{"line":92,"column":86}},"line":92},"3":{"name":"(anonymous_3)","decl":{"start":{"line":94,"column":31},"end":{"line":94,"column":32}},"loc":{"start":{"line":94,"column":41},"end":{"line":94,"column":85}},"line":94},"4":{"name":"(anonymous_4)","decl":{"start":{"line":98,"column":46},"end":{"line":98,"column":null}},"loc":{"start":{"line":99,"column":10},"end":{"line":99,"column":null}},"line":99},"5":{"name":"(anonymous_5)","decl":{"start":{"line":99,"column":30},"end":{"line":99,"column":39}},"loc":{"start":{"line":99,"column":39},"end":{"line":99,"column":79}},"line":99},"6":{"name":"(anonymous_6)","decl":{"start":{"line":102,"column":30},"end":{"line":102,"column":38}},"loc":{"start":{"line":102,"column":38},"end":{"line":102,"column":88}},"line":102},"7":{"name":"(anonymous_7)","decl":{"start":{"line":110,"column":24},"end":{"line":110,"column":25}},"loc":{"start":{"line":110,"column":49},"end":{"line":120,"column":null}},"line":110},"8":{"name":"(anonymous_8)","decl":{"start":{"line":112,"column":26},"end":{"line":112,"column":null}},"loc":{"start":{"line":113,"column":8},"end":{"line":115,"column":null}},"line":113},"9":{"name":"(anonymous_9)","decl":{"start":{"line":114,"column":24},"end":{"line":114,"column":32}},"loc":{"start":{"line":114,"column":32},"end":{"line":114,"column":52}},"line":114},"10":{"name":"(anonymous_10)","decl":{"start":{"line":122,"column":24},"end":{"line":122,"column":36}},"loc":{"start":{"line":122,"column":36},"end":{"line":130,"column":null}},"line":122},"11":{"name":"(anonymous_11)","decl":{"start":{"line":132,"column":47},"end":{"line":132,"column":55}},"loc":{"start":{"line":132,"column":55},"end":{"line":139,"column":3}},"line":132},"12":{"name":"(anonymous_12)","decl":{"start":{"line":149,"column":19},"end":{"line":149,"column":25}},"loc":{"start":{"line":149,"column":25},"end":{"line":149,"column":null}},"line":149},"13":{"name":"(anonymous_13)","decl":{"start":{"line":160,"column":23},"end":{"line":160,"column":29}},"loc":{"start":{"line":160,"column":29},"end":{"line":160,"column":null}},"line":160},"14":{"name":"(anonymous_14)","decl":{"start":{"line":171,"column":38},"end":{"line":171,"column":39}},"loc":{"start":{"line":171,"column":48},"end":{"line":254,"column":15}},"line":171},"15":{"name":"(anonymous_15)","decl":{"start":{"line":176,"column":60},"end":{"line":176,"column":69}},"loc":{"start":{"line":176,"column":69},"end":{"line":176,"column":109}},"line":176},"16":{"name":"(anonymous_16)","decl":{"start":{"line":182,"column":33},"end":{"line":182,"column":39}},"loc":{"start":{"line":182,"column":39},"end":{"line":182,"column":null}},"line":182},"17":{"name":"(anonymous_17)","decl":{"start":{"line":207,"column":45},"end":{"line":207,"column":46}},"loc":{"start":{"line":207,"column":56},"end":{"line":227,"column":27}},"line":207},"18":{"name":"(anonymous_18)","decl":{"start":{"line":219,"column":41},"end":{"line":219,"column":47}},"loc":{"start":{"line":219,"column":47},"end":{"line":219,"column":null}},"line":219},"19":{"name":"(anonymous_19)","decl":{"start":{"line":244,"column":29},"end":{"line":244,"column":35}},"loc":{"start":{"line":244,"column":35},"end":{"line":244,"column":null}},"line":244},"20":{"name":"(anonymous_20)","decl":{"start":{"line":286,"column":38},"end":{"line":286,"column":39}},"loc":{"start":{"line":286,"column":48},"end":{"line":364,"column":15}},"line":286},"21":{"name":"(anonymous_21)","decl":{"start":{"line":290,"column":60},"end":{"line":290,"column":69}},"loc":{"start":{"line":290,"column":69},"end":{"line":290,"column":109}},"line":290},"22":{"name":"(anonymous_22)","decl":{"start":{"line":295,"column":33},"end":{"line":295,"column":39}},"loc":{"start":{"line":295,"column":39},"end":{"line":295,"column":null}},"line":295},"23":{"name":"(anonymous_23)","decl":{"start":{"line":320,"column":45},"end":{"line":320,"column":46}},"loc":{"start":{"line":320,"column":56},"end":{"line":338,"column":27}},"line":320},"24":{"name":"(anonymous_24)","decl":{"start":{"line":398,"column":21},"end":{"line":398,"column":27}},"loc":{"start":{"line":398,"column":27},"end":{"line":398,"column":null}},"line":398}},"branchMap":{"0":{"loc":{"start":{"line":89,"column":6},"end":{"line":104,"column":null}},"type":"if","locations":[{"start":{"line":89,"column":6},"end":{"line":104,"column":null}},{"start":{},"end":{}}],"line":89},"1":{"loc":{"start":{"line":91,"column":8},"end":{"line":95,"column":null}},"type":"if","locations":[{"start":{"line":91,"column":8},"end":{"line":95,"column":null}},{"start":{"line":93,"column":8},"end":{"line":95,"column":null}}],"line":91},"2":{"loc":{"start":{"line":93,"column":8},"end":{"line":95,"column":null}},"type":"if","locations":[{"start":{"line":93,"column":8},"end":{"line":95,"column":null}},{"start":{},"end":{}}],"line":93},"3":{"loc":{"start":{"line":101,"column":8},"end":{"line":103,"column":null}},"type":"if","locations":[{"start":{"line":101,"column":8},"end":{"line":103,"column":null}},{"start":{},"end":{}}],"line":101},"4":{"loc":{"start":{"line":113,"column":8},"end":{"line":115,"column":null}},"type":"cond-expr","locations":[{"start":{"line":114,"column":12},"end":{"line":114,"column":null}},{"start":{"line":115,"column":12},"end":{"line":115,"column":null}}],"line":113},"5":{"loc":{"start":{"line":133,"column":5},"end":{"line":133,"column":null}},"type":"if","locations":[{"start":{"line":133,"column":5},"end":{"line":133,"column":null}},{"start":{},"end":{}}],"line":133},"6":{"loc":{"start":{"line":135,"column":5},"end":{"line":135,"column":null}},"type":"if","locations":[{"start":{"line":135,"column":5},"end":{"line":135,"column":null}},{"start":{},"end":{}}],"line":135},"7":{"loc":{"start":{"line":137,"column":5},"end":{"line":137,"column":null}},"type":"if","locations":[{"start":{"line":137,"column":5},"end":{"line":137,"column":null}},{"start":{},"end":{}}],"line":137},"8":{"loc":{"start":{"line":144,"column":49},"end":{"line":144,"column":89}},"type":"cond-expr","locations":[{"start":{"line":144,"column":63},"end":{"line":144,"column":68}},{"start":{"line":144,"column":68},"end":{"line":144,"column":89}}],"line":144},"9":{"loc":{"start":{"line":147,"column":12},"end":{"line":147,"column":null}},"type":"cond-expr","locations":[{"start":{"line":147,"column":26},"end":{"line":147,"column":42}},{"start":{"line":147,"column":42},"end":{"line":147,"column":null}}],"line":147},"10":{"loc":{"start":{"line":154,"column":12},"end":{"line":154,"column":null}},"type":"cond-expr","locations":[{"start":{"line":154,"column":26},"end":{"line":154,"column":44}},{"start":{"line":154,"column":44},"end":{"line":154,"column":null}}],"line":154},"11":{"loc":{"start":{"line":174,"column":16},"end":{"line":232,"column":null}},"type":"if","locations":[{"start":{"line":174,"column":16},"end":{"line":232,"column":null}},{"start":{},"end":{}}],"line":174},"12":{"loc":{"start":{"line":184,"column":26},"end":{"line":184,"column":null}},"type":"cond-expr","locations":[{"start":{"line":184,"column":43},"end":{"line":184,"column":72}},{"start":{"line":184,"column":72},"end":{"line":184,"column":null}}],"line":184},"13":{"loc":{"start":{"line":189,"column":28},"end":{"line":189,"column":null}},"type":"cond-expr","locations":[{"start":{"line":189,"column":45},"end":{"line":189,"column":62}},{"start":{"line":189,"column":62},"end":{"line":189,"column":null}}],"line":189},"14":{"loc":{"start":{"line":193,"column":25},"end":{"line":196,"column":null}},"type":"cond-expr","locations":[{"start":{"line":194,"column":26},"end":{"line":194,"column":null}},{"start":{"line":196,"column":26},"end":{"line":196,"column":null}}],"line":193},"15":{"loc":{"start":{"line":203,"column":26},"end":{"line":203,"column":null}},"type":"cond-expr","locations":[{"start":{"line":203,"column":39},"end":{"line":203,"column":64}},{"start":{"line":203,"column":64},"end":{"line":203,"column":null}}],"line":203},"16":{"loc":{"start":{"line":214,"column":34},"end":{"line":216,"column":null}},"type":"cond-expr","locations":[{"start":{"line":215,"column":38},"end":{"line":215,"column":null}},{"start":{"line":216,"column":38},"end":{"line":216,"column":null}}],"line":214},"17":{"loc":{"start":{"line":222,"column":34},"end":{"line":222,"column":null}},"type":"cond-expr","locations":[{"start":{"line":222,"column":50},"end":{"line":222,"column":67}},{"start":{"line":222,"column":67},"end":{"line":222,"column":null}}],"line":222},"18":{"loc":{"start":{"line":238,"column":24},"end":{"line":238,"column":null}},"type":"binary-expr","locations":[{"start":{"line":238,"column":24},"end":{"line":238,"column":37}},{"start":{"line":238,"column":37},"end":{"line":238,"column":null}}],"line":238},"19":{"loc":{"start":{"line":240,"column":22},"end":{"line":242,"column":null}},"type":"cond-expr","locations":[{"start":{"line":241,"column":26},"end":{"line":241,"column":null}},{"start":{"line":242,"column":26},"end":{"line":242,"column":null}}],"line":240},"20":{"loc":{"start":{"line":248,"column":24},"end":{"line":248,"column":null}},"type":"cond-expr","locations":[{"start":{"line":248,"column":35},"end":{"line":248,"column":52}},{"start":{"line":248,"column":52},"end":{"line":248,"column":null}}],"line":248},"21":{"loc":{"start":{"line":288,"column":16},"end":{"line":343,"column":null}},"type":"if","locations":[{"start":{"line":288,"column":16},"end":{"line":343,"column":null}},{"start":{},"end":{}}],"line":288},"22":{"loc":{"start":{"line":297,"column":26},"end":{"line":297,"column":null}},"type":"cond-expr","locations":[{"start":{"line":297,"column":43},"end":{"line":297,"column":72}},{"start":{"line":297,"column":72},"end":{"line":297,"column":null}}],"line":297},"23":{"loc":{"start":{"line":302,"column":28},"end":{"line":302,"column":null}},"type":"cond-expr","locations":[{"start":{"line":302,"column":45},"end":{"line":302,"column":62}},{"start":{"line":302,"column":62},"end":{"line":302,"column":null}}],"line":302},"24":{"loc":{"start":{"line":306,"column":25},"end":{"line":309,"column":null}},"type":"cond-expr","locations":[{"start":{"line":307,"column":26},"end":{"line":307,"column":null}},{"start":{"line":309,"column":26},"end":{"line":309,"column":null}}],"line":306},"25":{"loc":{"start":{"line":316,"column":26},"end":{"line":316,"column":null}},"type":"cond-expr","locations":[{"start":{"line":316,"column":39},"end":{"line":316,"column":64}},{"start":{"line":316,"column":64},"end":{"line":316,"column":null}}],"line":316},"26":{"loc":{"start":{"line":327,"column":34},"end":{"line":329,"column":null}},"type":"cond-expr","locations":[{"start":{"line":328,"column":38},"end":{"line":328,"column":null}},{"start":{"line":329,"column":38},"end":{"line":329,"column":null}}],"line":327},"27":{"loc":{"start":{"line":333,"column":34},"end":{"line":333,"column":null}},"type":"cond-expr","locations":[{"start":{"line":333,"column":50},"end":{"line":333,"column":67}},{"start":{"line":333,"column":67},"end":{"line":333,"column":null}}],"line":333},"28":{"loc":{"start":{"line":349,"column":24},"end":{"line":349,"column":null}},"type":"binary-expr","locations":[{"start":{"line":349,"column":24},"end":{"line":349,"column":37}},{"start":{"line":349,"column":37},"end":{"line":349,"column":null}}],"line":349},"29":{"loc":{"start":{"line":351,"column":22},"end":{"line":353,"column":null}},"type":"cond-expr","locations":[{"start":{"line":352,"column":26},"end":{"line":352,"column":null}},{"start":{"line":353,"column":26},"end":{"line":353,"column":null}}],"line":351},"30":{"loc":{"start":{"line":358,"column":24},"end":{"line":358,"column":null}},"type":"cond-expr","locations":[{"start":{"line":358,"column":35},"end":{"line":358,"column":52}},{"start":{"line":358,"column":52},"end":{"line":358,"column":null}}],"line":358}},"s":{"0":1,"1":12,"2":12,"3":12,"4":12,"5":12,"6":12,"7":5,"8":5,"9":5,"10":0,"11":0,"12":5,"13":0,"14":0,"15":5,"16":55,"17":50,"18":5,"19":0,"20":0,"21":0,"22":12,"23":3,"24":3,"25":3,"26":0,"27":0,"28":12,"29":0,"30":0,"31":0,"32":0,"33":12,"34":132,"35":0,"36":132,"37":0,"38":132,"39":0,"40":132,"41":12,"42":0,"43":0,"44":132,"45":24,"46":24,"47":120,"48":24,"49":3,"50":120,"51":120,"52":0,"53":108,"54":108,"55":0,"56":132,"57":24,"58":24,"59":120,"60":24,"61":0,"62":120,"63":120,"64":108,"65":108,"66":4},"f":{"0":12,"1":5,"2":0,"3":0,"4":55,"5":50,"6":0,"7":3,"8":3,"9":0,"10":0,"11":132,"12":0,"13":0,"14":132,"15":120,"16":3,"17":120,"18":0,"19":0,"20":132,"21":120,"22":0,"23":120,"24":4},"b":{"0":[5,0],"1":[0,5],"2":[0,5],"3":[0,5],"4":[0,3],"5":[0,132],"6":[0,132],"7":[0,132],"8":[7,5],"9":[7,5],"10":[7,5],"11":[24,108],"12":[0,24],"13":[0,24],"14":[4,20],"15":[4,20],"16":[0,120],"17":[0,120],"18":[108,0],"19":[12,96],"20":[12,96],"21":[24,108],"22":[0,24],"23":[0,24],"24":[4,20],"25":[4,20],"26":[0,120],"27":[0,120],"28":[108,0],"29":[12,96],"30":[12,96]},"meta":{"lastBranch":31,"lastFunction":25,"lastStatement":67,"seen":{"s:30:19:69:Infinity":0,"f:79:24:79:33":0,"s:80:36:80:Infinity":1,"s:81:46:81:Infinity":2,"s:82:8:82:Infinity":3,"s:83:8:83:Infinity":4,"s:84:42:84:Infinity":5,"s:87:2:108:Infinity":6,"f:87:12:87:18":1,"s:88:4:107:Infinity":7,"b:89:6:104:Infinity:undefined:undefined:undefined:undefined":0,"s:89:6:104:Infinity":8,"b:91:8:95:Infinity:93:8:95:Infinity":1,"s:91:8:95:Infinity":9,"s:92:10:92:Infinity":10,"f:92:30:92:31":2,"s:92:40:92:86":11,"b:93:8:95:Infinity:undefined:undefined:undefined:undefined":2,"s:93:8:95:Infinity":12,"s:94:11:94:Infinity":13,"f:94:31:94:32":3,"s:94:41:94:85":14,"s:98:30:100:Infinity":15,"f:98:46:98:Infinity":4,"s:99:10:99:Infinity":16,"f:99:30:99:39":5,"s:99:39:99:79":17,"b:101:8:103:Infinity:undefined:undefined:undefined:undefined":3,"s:101:8:103:Infinity":18,"s:102:10:102:Infinity":19,"f:102:30:102:38":6,"s:102:38:102:88":20,"s:106:6:106:Infinity":21,"s:110:24:120:Infinity":22,"f:110:24:110:25":7,"s:111:4:119:Infinity":23,"s:112:6:116:Infinity":24,"f:112:26:112:Infinity":8,"s:113:8:115:Infinity":25,"b:114:12:114:Infinity:115:12:115:Infinity":4,"f:114:24:114:32":9,"s:114:32:114:52":26,"s:118:6:118:Infinity":27,"s:122:24:130:Infinity":28,"f:122:24:122:36":10,"s:123:4:129:Infinity":29,"s:124:6:124:Infinity":30,"s:126:6:126:Infinity":31,"s:128:6:128:Infinity":32,"s:132:29:139:Infinity":33,"f:132:47:132:55":11,"b:133:5:133:Infinity:undefined:undefined:undefined:undefined":5,"s:133:5:133:Infinity":34,"s:133:18:133:Infinity":35,"b:135:5:135:Infinity:undefined:undefined:undefined:undefined":6,"s:135:5:135:Infinity":36,"s:135:54:135:Infinity":37,"b:137:5:137:Infinity:undefined:undefined:undefined:undefined":7,"s:137:5:137:Infinity":38,"s:137:19:137:Infinity":39,"s:138:5:138:Infinity":40,"s:141:2:412:Infinity":41,"b:144:63:144:68:144:68:144:89":8,"b:147:26:147:42:147:42:147:Infinity":9,"f:149:19:149:25":12,"s:149:25:149:Infinity":42,"b:154:26:154:44:154:44:154:Infinity":10,"f:160:23:160:29":13,"s:160:29:160:Infinity":43,"f:171:38:171:39":14,"b:174:16:232:Infinity:undefined:undefined:undefined:undefined":11,"s:174:16:232:Infinity":44,"s:175:37:175:Infinity":45,"s:176:41:176:Infinity":46,"f:176:60:176:69":15,"s:176:69:176:109":47,"s:178:18:230:Infinity":48,"f:182:33:182:39":16,"s:182:39:182:Infinity":49,"b:184:43:184:72:184:72:184:Infinity":12,"b:189:45:189:62:189:62:189:Infinity":13,"b:194:26:194:Infinity:196:26:196:Infinity":14,"b:203:39:203:64:203:64:203:Infinity":15,"f:207:45:207:46":17,"s:208:50:208:Infinity":50,"s:209:28:225:Infinity":51,"b:215:38:215:Infinity:216:38:216:Infinity":16,"f:219:41:219:47":18,"s:219:47:219:Infinity":52,"b:222:50:222:67:222:67:222:Infinity":17,"s:234:33:234:Infinity":53,"s:235:16:252:Infinity":54,"b:238:24:238:37:238:37:238:Infinity":18,"b:241:26:241:Infinity:242:26:242:Infinity":19,"f:244:29:244:35":19,"s:244:35:244:Infinity":55,"b:248:35:248:52:248:52:248:Infinity":20,"f:286:38:286:39":20,"b:288:16:343:Infinity:undefined:undefined:undefined:undefined":21,"s:288:16:343:Infinity":56,"s:289:37:289:Infinity":57,"s:290:41:290:Infinity":58,"f:290:60:290:69":21,"s:290:69:290:109":59,"s:292:18:341:Infinity":60,"f:295:33:295:39":22,"s:295:39:295:Infinity":61,"b:297:43:297:72:297:72:297:Infinity":22,"b:302:45:302:62:302:62:302:Infinity":23,"b:307:26:307:Infinity:309:26:309:Infinity":24,"b:316:39:316:64:316:64:316:Infinity":25,"f:320:45:320:46":23,"s:321:50:321:Infinity":62,"s:322:28:336:Infinity":63,"b:328:38:328:Infinity:329:38:329:Infinity":26,"b:333:50:333:67:333:67:333:Infinity":27,"s:345:33:345:Infinity":64,"s:346:16:362:Infinity":65,"b:349:24:349:37:349:37:349:Infinity":28,"b:352:26:352:Infinity:353:26:353:Infinity":29,"b:358:35:358:52:358:52:358:Infinity":30,"f:398:21:398:27":24,"s:398:27:398:Infinity":66}}}
}
